<?xml version="1.0" encoding="UTF-8"?>
<!-- Generated by org.testng.reporters.JUnitXMLReporter -->
<testsuite ignored="0" hostname="DESKTOP-5ESUDCP" failures="1" tests="1" name="validatetitle" time="31.455" errors="0" timestamp="2025-01-28T10:34:08 IST">
  <testcase classname="Academy.ValidateTitle" name="validatesubtitile" time="3.333">
    <failure type="java.lang.AssertionError" message="expected [Logged In Successfull] but found [Logged In Successfully]">
      <![CDATA[java.lang.AssertionError: expected [Logged In Successfull] but found [Logged In Successfully]
at Academy.ValidateTitle.validatesubtitile(ValidateTitle.java:41)
at java.base/java.util.ArrayList.forEach(ArrayList.java:1596)
at java.base/java.util.concurrent.FutureTask.run(FutureTask.java:317)
at java.base/java.util.concurrent.ThreadPoolExecutor.runWorker(ThreadPoolExecutor.java:1144)
at java.base/java.util.concurrent.ThreadPoolExecutor$Worker.run(ThreadPoolExecutor.java:642)
at java.base/java.lang.Thread.run(Thread.java:1583)
... Removed 21 stack frames]]>
    </failure>
  </testcase> <!-- validatesubtitile -->
</testsuite> <!-- validatetitle -->
