<?xml version="1.0" encoding="UTF-8"?>
<testng-results ignored="0" total="3" passed="2" failed="1" skipped="0">
  <reporter-output>
  </reporter-output>
  <suite started-at="2025-01-28T10:33:35 IST" name="Suite" finished-at="2025-01-28T10:34:07 IST" duration-ms="32228">
    <groups>
    </groups>
    <test started-at="2025-01-28T10:33:35 IST" name="homepage" finished-at="2025-01-28T10:34:07 IST" duration-ms="32228">
      <class name="Academy.Homepage">
        <test-method is-config="true" signature="initialize()[pri:0, instance:Academy.Homepage@1941a8ff]" started-at="2025-01-28T10:33:35 IST" name="initialize" finished-at="2025-01-28T10:34:00 IST" duration-ms="24832" status="PASS">
          <reporter-output>
          </reporter-output>
        </test-method> <!-- initialize -->
        <test-method signature="basePageNavigation(java.lang.String,java.lang.String)[pri:0, instance:Academy.Homepage@1941a8ff]" started-at="2025-01-28T10:34:00 IST" name="basePageNavigation" data-provider="getData" finished-at="2025-01-28T10:34:05 IST" duration-ms="5083" status="PASS">
          <params>
            <param index="0">
              <value>
                <![CDATA[student]]>
              </value>
            </param>
            <param index="1">
              <value>
                <![CDATA[Password123]]>
              </value>
            </param>
          </params>
          <reporter-output>
          </reporter-output>
        </test-method> <!-- basePageNavigation -->
        <test-method signature="basePageNavigation(java.lang.String,java.lang.String)[pri:0, instance:Academy.Homepage@1941a8ff]" started-at="2025-01-28T10:34:05 IST" name="basePageNavigation" data-provider="getData" finished-at="2025-01-28T10:34:06 IST" duration-ms="1514" status="PASS">
          <params>
            <param index="0">
              <value>
                <![CDATA[student]]>
              </value>
            </param>
            <param index="1">
              <value>
                <![CDATA[Password123]]>
              </value>
            </param>
          </params>
          <reporter-output>
          </reporter-output>
        </test-method> <!-- basePageNavigation -->
        <test-method is-config="true" signature="teardown()[pri:0, instance:Academy.Homepage@1941a8ff]" started-at="2025-01-28T10:34:06 IST" name="teardown" finished-at="2025-01-28T10:34:07 IST" duration-ms="677" status="PASS">
          <reporter-output>
          </reporter-output>
        </test-method> <!-- teardown -->
      </class> <!-- Academy.Homepage -->
    </test> <!-- homepage -->
    <test started-at="2025-01-28T10:33:35 IST" name="validatetitle" finished-at="2025-01-28T10:34:06 IST" duration-ms="31455">
      <class name="Academy.ValidateTitle">
        <test-method is-config="true" signature="initialize()[pri:0, instance:Academy.ValidateTitle@4b6e2263]" started-at="2025-01-28T10:33:35 IST" name="initialize" finished-at="2025-01-28T10:34:01 IST" duration-ms="26304" status="PASS">
          <reporter-output>
          </reporter-output>
        </test-method> <!-- initialize -->
        <test-method signature="validatesubtitile()[pri:0, instance:Academy.ValidateTitle@4b6e2263]" started-at="2025-01-28T10:34:01 IST" name="validatesubtitile" finished-at="2025-01-28T10:34:04 IST" duration-ms="3333" status="FAIL">
          <exception class="java.lang.AssertionError">
            <message>
              <![CDATA[expected [Logged In Successfull] but found [Logged In Successfully]]]>
            </message>
            <full-stacktrace>
              <![CDATA[java.lang.AssertionError: expected [Logged In Successfull] but found [Logged In Successfully]
at org.testng.Assert.fail(Assert.java:111)
at org.testng.Assert.failNotEquals(Assert.java:1578)
at org.testng.Assert.assertEqualsImpl(Assert.java:150)
at org.testng.Assert.assertEquals(Assert.java:132)
at org.testng.Assert.assertEquals(Assert.java:656)
at org.testng.Assert.assertEquals(Assert.java:666)
at Academy.ValidateTitle.validatesubtitile(ValidateTitle.java:41)
at java.base/jdk.internal.reflect.DirectMethodHandleAccessor.invoke(DirectMethodHandleAccessor.java:103)
at java.base/java.lang.reflect.Method.invoke(Method.java:580)
at org.testng.internal.invokers.MethodInvocationHelper.invokeMethod(MethodInvocationHelper.java:139)
at org.testng.internal.invokers.TestInvoker.invokeMethod(TestInvoker.java:664)
at org.testng.internal.invokers.TestInvoker.invokeTestMethod(TestInvoker.java:228)
at org.testng.internal.invokers.MethodRunner.runInSequence(MethodRunner.java:63)
at org.testng.internal.invokers.TestInvoker$MethodInvocationAgent.invoke(TestInvoker.java:961)
at org.testng.internal.invokers.TestInvoker.invokeTestMethods(TestInvoker.java:201)
at org.testng.internal.invokers.TestMethodWorker.invokeTestMethods(TestMethodWorker.java:148)
at org.testng.internal.invokers.TestMethodWorker.run(TestMethodWorker.java:128)
at java.base/java.util.ArrayList.forEach(ArrayList.java:1596)
at org.testng.TestRunner.privateRun(TestRunner.java:819)
at org.testng.TestRunner.run(TestRunner.java:619)
at org.testng.SuiteRunner.runTest(SuiteRunner.java:443)
at org.testng.SuiteRunner$SuiteWorker.run(SuiteRunner.java:481)
at org.testng.internal.thread.ThreadUtil.lambda$execute$0(ThreadUtil.java:58)
at java.base/java.util.concurrent.FutureTask.run(FutureTask.java:317)
at java.base/java.util.concurrent.ThreadPoolExecutor.runWorker(ThreadPoolExecutor.java:1144)
at java.base/java.util.concurrent.ThreadPoolExecutor$Worker.run(ThreadPoolExecutor.java:642)
at java.base/java.lang.Thread.run(Thread.java:1583)
]]>
            </full-stacktrace>
          </exception> <!-- java.lang.AssertionError -->
          <reporter-output>
          </reporter-output>
        </test-method> <!-- validatesubtitile -->
        <test-method is-config="true" signature="teardown()[pri:0, instance:Academy.ValidateTitle@4b6e2263]" started-at="2025-01-28T10:34:05 IST" name="teardown" finished-at="2025-01-28T10:34:06 IST" duration-ms="935" status="PASS">
          <reporter-output>
          </reporter-output>
        </test-method> <!-- teardown -->
      </class> <!-- Academy.ValidateTitle -->
    </test> <!-- validatetitle -->
  </suite> <!-- Suite -->
</testng-results>
